  [1m[35m (614.1ms)[0m  [1m[35mCREATE DATABASE "rails_dating_api_development" ENCODING = 'unicode'[0m
  ↳ bin/rails:9
  [1m[35m (406.6ms)[0m  [1m[35mCREATE DATABASE "rails_dating_api_test" ENCODING = 'unicode'[0m
  ↳ bin/rails:9
Started GET "/" for ::1 at 2019-05-31 17:46:09 -0400
Processing by Rails::WelcomeController#index as HTML
  Rendering /Users/student_121/.rbenv/versions/2.6.3/lib/ruby/gems/2.6.0/gems/railties-5.2.3/lib/rails/templates/rails/welcome/index.html.erb
  Rendered /Users/student_121/.rbenv/versions/2.6.3/lib/ruby/gems/2.6.0/gems/railties-5.2.3/lib/rails/templates/rails/welcome/index.html.erb (10.6ms)
Completed 200 OK in 39ms (Views: 31.0ms | ActiveRecord: 0.0ms)


  [1m[35m (56.3ms)[0m  [1m[35mCREATE TABLE "schema_migrations" ("version" character varying NOT NULL PRIMARY KEY)[0m
  ↳ bin/rails:9
  [1m[35m (33.5ms)[0m  [1m[35mCREATE TABLE "ar_internal_metadata" ("key" character varying NOT NULL PRIMARY KEY, "value" character varying, "created_at" timestamp NOT NULL, "updated_at" timestamp NOT NULL)[0m
  ↳ bin/rails:9
  [1m[35m (2.9ms)[0m  [1m[34mSELECT pg_try_advisory_lock(3142621281377955405)[0m
  ↳ bin/rails:9
  [1m[35m (3.7ms)[0m  [1m[34mSELECT "schema_migrations"."version" FROM "schema_migrations" ORDER BY "schema_migrations"."version" ASC[0m
  ↳ bin/rails:9
Migrating to CreateAccounts (20190531215602)
  [1m[35m (0.2ms)[0m  [1m[35mBEGIN[0m
  ↳ bin/rails:9
  [1m[35m (24.1ms)[0m  [1m[35mCREATE TABLE "accounts" ("id" bigserial primary key, "first_name" character varying, "gender" character varying, "email" character varying, "birth_date" date, "profile_photo" character varying, "created_at" timestamp NOT NULL, "updated_at" timestamp NOT NULL)[0m
  ↳ db/migrate/20190531215602_create_accounts.rb:3
  [1m[36mActiveRecord::SchemaMigration Create (0.6ms)[0m  [1m[32mINSERT INTO "schema_migrations" ("version") VALUES ($1) RETURNING "version"[0m  [["version", "20190531215602"]]
  ↳ bin/rails:9
  [1m[35m (2.3ms)[0m  [1m[35mCOMMIT[0m
  ↳ bin/rails:9
Migrating to CreateProfiles (20190531220551)
  [1m[35m (6.1ms)[0m  [1m[35mBEGIN[0m
  ↳ bin/rails:9
  [1m[35m (15.2ms)[0m  [1m[35mCREATE TABLE "profiles" ("id" bigserial primary key, "profile_photo" character varying, "about_me" character varying, "job_title" character varying, "company" character varying, "school" character varying, "gender" character varying, "created_at" timestamp NOT NULL, "updated_at" timestamp NOT NULL)[0m
  ↳ db/migrate/20190531220551_create_profiles.rb:3
  [1m[36mActiveRecord::SchemaMigration Create (1.5ms)[0m  [1m[32mINSERT INTO "schema_migrations" ("version") VALUES ($1) RETURNING "version"[0m  [["version", "20190531220551"]]
  ↳ bin/rails:9
  [1m[35m (5.4ms)[0m  [1m[35mCOMMIT[0m
  ↳ bin/rails:9
Migrating to CreateUsers (20190531220901)
  [1m[35m (6.5ms)[0m  [1m[35mBEGIN[0m
  ↳ bin/rails:9
  [1m[35m (16.9ms)[0m  [1m[35mCREATE TABLE "users" ("id" bigserial primary key, "user_name" character varying, "location" character varying, "age" integer, "profile_photo" character varying, "created_at" timestamp NOT NULL, "updated_at" timestamp NOT NULL)[0m
  ↳ db/migrate/20190531220901_create_users.rb:3
  [1m[36mActiveRecord::SchemaMigration Create (0.4ms)[0m  [1m[32mINSERT INTO "schema_migrations" ("version") VALUES ($1) RETURNING "version"[0m  [["version", "20190531220901"]]
  ↳ bin/rails:9
  [1m[35m (2.4ms)[0m  [1m[35mCOMMIT[0m
  ↳ bin/rails:9
Migrating to CreateConversations (20190601013230)
  [1m[35m (7.6ms)[0m  [1m[35mBEGIN[0m
  ↳ bin/rails:9
  [1m[35m (8.1ms)[0m  [1m[35mCREATE TABLE "conversations" ("id" bigserial primary key, "sender_id" integer, "recipient_id" integer, "created_at" timestamp NOT NULL, "updated_at" timestamp NOT NULL)[0m
  ↳ db/migrate/20190601013230_create_conversations.rb:3
  [1m[36mActiveRecord::SchemaMigration Create (0.5ms)[0m  [1m[32mINSERT INTO "schema_migrations" ("version") VALUES ($1) RETURNING "version"[0m  [["version", "20190601013230"]]
  ↳ bin/rails:9
  [1m[35m (6.0ms)[0m  [1m[35mCOMMIT[0m
  ↳ bin/rails:9
Migrating to CreateMessages (20190601013343)
  [1m[35m (6.3ms)[0m  [1m[35mBEGIN[0m
  ↳ bin/rails:9
  [1m[35m (25.4ms)[0m  [1m[35mCREATE TABLE "messages" ("id" bigserial primary key, "body" text, "conversation_id" bigint, "user_id" bigint, "read" boolean DEFAULT FALSE, "created_at" timestamp NOT NULL, "updated_at" timestamp NOT NULL)[0m
  ↳ db/migrate/20190601013343_create_messages.rb:3
  [1m[35m (3.2ms)[0m  [1m[35mCREATE  INDEX  "index_messages_on_conversation_id" ON "messages"  ("conversation_id")[0m
  ↳ db/migrate/20190601013343_create_messages.rb:3
  [1m[35m (3.0ms)[0m  [1m[35mCREATE  INDEX  "index_messages_on_user_id" ON "messages"  ("user_id")[0m
  ↳ db/migrate/20190601013343_create_messages.rb:3
  [1m[36mActiveRecord::SchemaMigration Create (0.5ms)[0m  [1m[32mINSERT INTO "schema_migrations" ("version") VALUES ($1) RETURNING "version"[0m  [["version", "20190601013343"]]
  ↳ bin/rails:9
  [1m[35m (3.0ms)[0m  [1m[35mCOMMIT[0m
  ↳ bin/rails:9
  [1m[36mActiveRecord::InternalMetadata Load (2.9ms)[0m  [1m[34mSELECT  "ar_internal_metadata".* FROM "ar_internal_metadata" WHERE "ar_internal_metadata"."key" = $1 LIMIT $2[0m  [["key", "environment"], ["LIMIT", 1]]
  ↳ bin/rails:9
  [1m[35m (0.2ms)[0m  [1m[35mBEGIN[0m
  ↳ bin/rails:9
  [1m[36mActiveRecord::InternalMetadata Create (0.4ms)[0m  [1m[32mINSERT INTO "ar_internal_metadata" ("key", "value", "created_at", "updated_at") VALUES ($1, $2, $3, $4) RETURNING "key"[0m  [["key", "environment"], ["value", "development"], ["created_at", "2019-06-01 01:52:25.836863"], ["updated_at", "2019-06-01 01:52:25.836863"]]
  ↳ bin/rails:9
  [1m[35m (5.5ms)[0m  [1m[35mCOMMIT[0m
  ↳ bin/rails:9
  [1m[35m (0.4ms)[0m  [1m[34mSELECT pg_advisory_unlock(3142621281377955405)[0m
  ↳ bin/rails:9
  [1m[35m (0.5ms)[0m  [1m[34mSELECT "schema_migrations"."version" FROM "schema_migrations" ORDER BY "schema_migrations"."version" ASC[0m
  ↳ bin/rails:9
  [1m[35m (0.3ms)[0m  [1m[35mBEGIN[0m
  ↳ bin/rails:9
  [1m[35m (0.5ms)[0m  [1m[31mROLLBACK[0m
  [1m[35m (0.1ms)[0m  [1m[35mBEGIN[0m
  ↳ bin/rails:9
  [1m[35m (0.2ms)[0m  [1m[35mSAVEPOINT active_record_1[0m
  [1m[36mUser Create (24.5ms)[0m  [1m[32mINSERT INTO "users" ("user_name", "location", "age", "profile_photo", "created_at", "updated_at") VALUES ($1, $2, $3, $4, $5, $6) RETURNING "id"[0m  [["user_name", "MizzKitty"], ["location", "Brooklyn"], ["age", 24], ["profile_photo", "https://rollingout.com/wp-content/uploads/2017/09/Ciarapostbabybody7.jpg?x88472"], ["created_at", "2019-06-01 02:00:53.701221"], ["updated_at", "2019-06-01 02:00:53.701221"]]
  [1m[35m (0.3ms)[0m  [1m[35mRELEASE SAVEPOINT active_record_1[0m
  [1m[35m (1.3ms)[0m  [1m[34mSELECT "schema_migrations"."version" FROM "schema_migrations" ORDER BY "schema_migrations"."version" ASC[0m
  ↳ bin/rails:9
  [1m[35m (0.3ms)[0m  [1m[35mBEGIN[0m
  ↳ db/seeds.rb:8
  [1m[36mUser Create (35.0ms)[0m  [1m[32mINSERT INTO "users" ("user_name", "location", "age", "profile_photo", "created_at", "updated_at") VALUES ($1, $2, $3, $4, $5, $6) RETURNING "id"[0m  [["user_name", "MizzKitty"], ["location", "Brooklyn"], ["age", 24], ["profile_photo", "https://rollingout.com/wp-content/uploads/2017/09/Ciarapostbabybody7.jpg?x88472"], ["created_at", "2019-06-01 07:10:02.194902"], ["updated_at", "2019-06-01 07:10:02.194902"]]
  ↳ db/seeds.rb:8
  [1m[35m (7.5ms)[0m  [1m[35mCOMMIT[0m
  ↳ db/seeds.rb:8
  [1m[35m (0.3ms)[0m  [1m[35mBEGIN[0m
  ↳ db/seeds.rb:9
  [1m[36mUser Create (0.6ms)[0m  [1m[32mINSERT INTO "users" ("user_name", "location", "age", "profile_photo", "created_at", "updated_at") VALUES ($1, $2, $3, $4, $5, $6) RETURNING "id"[0m  [["user_name", "CollegeGirl209"], ["location", "New York"], ["age", 21], ["profile_photo", "https://static.businessinsider.com/image/4f43c9b9ecad04870400001d-750.jpg"], ["created_at", "2019-06-01 07:10:02.243146"], ["updated_at", "2019-06-01 07:10:02.243146"]]
  ↳ db/seeds.rb:9
  [1m[35m (2.3ms)[0m  [1m[35mCOMMIT[0m
  ↳ db/seeds.rb:9
  [1m[35m (0.3ms)[0m  [1m[35mBEGIN[0m
  ↳ db/seeds.rb:10
  [1m[36mUser Create (0.5ms)[0m  [1m[32mINSERT INTO "users" ("user_name", "location", "age", "profile_photo", "created_at", "updated_at") VALUES ($1, $2, $3, $4, $5, $6) RETURNING "id"[0m  [["user_name", "AngelOfLove"], ["location", "Long Island"], ["age", 33], ["profile_photo", "https://i.pinimg.com/originals/7b/f7/e0/7bf7e0bcf7ef2a7e27a790e8dcc85a02.jpg"], ["created_at", "2019-06-01 07:10:02.248650"], ["updated_at", "2019-06-01 07:10:02.248650"]]
  ↳ db/seeds.rb:10
  [1m[35m (2.3ms)[0m  [1m[35mCOMMIT[0m
  ↳ db/seeds.rb:10
  [1m[35m (0.3ms)[0m  [1m[35mBEGIN[0m
  ↳ db/seeds.rb:11
  [1m[36mUser Create (0.6ms)[0m  [1m[32mINSERT INTO "users" ("user_name", "location", "age", "profile_photo", "created_at", "updated_at") VALUES ($1, $2, $3, $4, $5, $6) RETURNING "id"[0m  [["user_name", "KissMeImKute"], ["location", "Brooklyn"], ["age", 29], ["profile_photo", "https://www.24-7pressrelease.com/assets/attachments/044/press_release_distribution_0448588_123536.jpg"], ["created_at", "2019-06-01 07:10:02.254034"], ["updated_at", "2019-06-01 07:10:02.254034"]]
  ↳ db/seeds.rb:11
  [1m[35m (2.5ms)[0m  [1m[35mCOMMIT[0m
  ↳ db/seeds.rb:11
  [1m[35m (0.3ms)[0m  [1m[35mBEGIN[0m
  ↳ db/seeds.rb:12
  [1m[36mUser Create (0.6ms)[0m  [1m[32mINSERT INTO "users" ("user_name", "location", "age", "profile_photo", "created_at", "updated_at") VALUES ($1, $2, $3, $4, $5, $6) RETURNING "id"[0m  [["user_name", "SueYoung"], ["location", "Queens"], ["age", 22], ["profile_photo", "https://avatars.mds.yandex.net/get-pdb/402117/c148945c-9167-43ec-b0ea-a4de4fb1c76a/s1200"], ["created_at", "2019-06-01 07:10:02.259658"], ["updated_at", "2019-06-01 07:10:02.259658"]]
  ↳ db/seeds.rb:12
  [1m[35m (2.4ms)[0m  [1m[35mCOMMIT[0m
  ↳ db/seeds.rb:12
  [1m[35m (0.3ms)[0m  [1m[35mBEGIN[0m
  ↳ db/seeds.rb:13
  [1m[36mUser Create (0.6ms)[0m  [1m[32mINSERT INTO "users" ("user_name", "location", "age", "profile_photo", "created_at", "updated_at") VALUES ($1, $2, $3, $4, $5, $6) RETURNING "id"[0m  [["user_name", "PoppiSeed0022"], ["location", "Brooklyn"], ["age", 26], ["profile_photo", "https://encrypted-tbn0.gstatic.com/images?q=tbn:ANd9GcSx2VJoHMmZ5M74BcI9q5DSFB_QkvDuS_IYYYLb8dfUfDRUJy4zXg"], ["created_at", "2019-06-01 07:10:02.265333"], ["updated_at", "2019-06-01 07:10:02.265333"]]
  ↳ db/seeds.rb:13
  [1m[35m (2.5ms)[0m  [1m[35mCOMMIT[0m
  ↳ db/seeds.rb:13
  [1m[35m (0.3ms)[0m  [1m[35mBEGIN[0m
  ↳ db/seeds.rb:14
  [1m[36mUser Create (0.5ms)[0m  [1m[32mINSERT INTO "users" ("user_name", "location", "age", "profile_photo", "created_at", "updated_at") VALUES ($1, $2, $3, $4, $5, $6) RETURNING "id"[0m  [["user_name", "Bollywood007"], ["location", "Staten Island"], ["age", 28], ["profile_photo", "https://i.pinimg.com/736x/f1/03/35/f10335ce589da045475614771cd6fd64.jpg"], ["created_at", "2019-06-01 07:10:02.271040"], ["updated_at", "2019-06-01 07:10:02.271040"]]
  ↳ db/seeds.rb:14
  [1m[35m (2.4ms)[0m  [1m[35mCOMMIT[0m
  ↳ db/seeds.rb:14
  [1m[35m (0.3ms)[0m  [1m[35mBEGIN[0m
  ↳ db/seeds.rb:15
  [1m[36mUser Create (0.7ms)[0m  [1m[32mINSERT INTO "users" ("user_name", "location", "age", "profile_photo", "created_at", "updated_at") VALUES ($1, $2, $3, $4, $5, $6) RETURNING "id"[0m  [["user_name", "AfroLitt"], ["location", "Queens"], ["age", 32], ["profile_photo", "https://www.stylevore.com/wp-content/uploads/2018/08/african-women-fashion-styles-15357215064cl8p.jpg"], ["created_at", "2019-06-01 07:10:02.276789"], ["updated_at", "2019-06-01 07:10:02.276789"]]
  ↳ db/seeds.rb:15
  [1m[35m (2.3ms)[0m  [1m[35mCOMMIT[0m
  ↳ db/seeds.rb:15
  [1m[35m (0.3ms)[0m  [1m[35mBEGIN[0m
  ↳ db/seeds.rb:16
  [1m[36mUser Create (0.6ms)[0m  [1m[32mINSERT INTO "users" ("user_name", "location", "age", "profile_photo", "created_at", "updated_at") VALUES ($1, $2, $3, $4, $5, $6) RETURNING "id"[0m  [["user_name", "Cash$$$bABY"], ["location", "Brooklyn"], ["age", 24], ["profile_photo", "https://www.nairaland.com/attachments/1061301_tumblr_ml54btAleB1qf87x2o1_500_jpg43713a3aa24f6e560e50c9f28a0f8b4c"], ["created_at", "2019-06-01 07:10:02.282442"], ["updated_at", "2019-06-01 07:10:02.282442"]]
  ↳ db/seeds.rb:16
  [1m[35m (2.3ms)[0m  [1m[35mCOMMIT[0m
  ↳ db/seeds.rb:16
  [1m[35m (0.3ms)[0m  [1m[35mBEGIN[0m
  ↳ db/seeds.rb:17
  [1m[36mUser Create (0.5ms)[0m  [1m[32mINSERT INTO "users" ("user_name", "location", "age", "profile_photo", "created_at", "updated_at") VALUES ($1, $2, $3, $4, $5, $6) RETURNING "id"[0m  [["user_name", "F**kUPayMe"], ["location", "New York"], ["age", 22], ["profile_photo", "https://1.bp.blogspot.com/-WkaHu9aLPSs/VyHwxfAIM3I/AAAAAAAAAmo/XGk2ROWTqGAApgogLcgch1Rz-EgktIV9QCLcB/s1600/julia-vins-russian-bodybuilding-musclebarbie-powerlifting-fitness-todayssalt-4.jpg"], ["created_at", "2019-06-01 07:10:02.287961"], ["updated_at", "2019-06-01 07:10:02.287961"]]
  ↳ db/seeds.rb:17
  [1m[35m (2.3ms)[0m  [1m[35mCOMMIT[0m
  ↳ db/seeds.rb:17
  [1m[35m (9.1ms)[0m  [1m[34mSELECT "schema_migrations"."version" FROM "schema_migrations" ORDER BY "schema_migrations"."version" ASC[0m
  ↳ bin/rails:9
  [1m[35m (0.5ms)[0m  [1m[34mSELECT "schema_migrations"."version" FROM "schema_migrations" ORDER BY "schema_migrations"."version" ASC[0m
  ↳ bin/rails:9
  [1m[35m (0.4ms)[0m  [1m[34mSELECT "schema_migrations"."version" FROM "schema_migrations" ORDER BY "schema_migrations"."version" ASC[0m
  ↳ bin/rails:9
  [1m[35m (0.6ms)[0m  [1m[34mSELECT pg_try_advisory_lock(3142621281377955405)[0m
  ↳ bin/rails:9
  [1m[35m (0.4ms)[0m  [1m[34mSELECT "schema_migrations"."version" FROM "schema_migrations" ORDER BY "schema_migrations"."version" ASC[0m
  ↳ bin/rails:9
Migrating to CreateMessages (20190601013343)
  [1m[35m (0.3ms)[0m  [1m[35mBEGIN[0m
  ↳ bin/rails:9
  [1m[35m (47.8ms)[0m  [1m[35mDROP TABLE "messages"[0m
  ↳ bin/rails:9
  [1m[36mActiveRecord::SchemaMigration Destroy (13.2ms)[0m  [1m[31mDELETE FROM "schema_migrations" WHERE "schema_migrations"."version" = $1[0m  [["version", "20190601013343"]]
  ↳ bin/rails:9
  [1m[35m (18.9ms)[0m  [1m[35mCOMMIT[0m
  ↳ bin/rails:9
Migrating to CreateConversations (20190601013230)
  [1m[35m (0.3ms)[0m  [1m[35mBEGIN[0m
  ↳ bin/rails:9
  [1m[35m (3.9ms)[0m  [1m[35mDROP TABLE "conversations"[0m
  ↳ bin/rails:9
  [1m[36mActiveRecord::SchemaMigration Destroy (0.7ms)[0m  [1m[31mDELETE FROM "schema_migrations" WHERE "schema_migrations"."version" = $1[0m  [["version", "20190601013230"]]
  ↳ bin/rails:9
  [1m[35m (6.5ms)[0m  [1m[35mCOMMIT[0m
  ↳ bin/rails:9
Migrating to CreateUsers (20190531220901)
  [1m[35m (0.2ms)[0m  [1m[35mBEGIN[0m
  ↳ bin/rails:9
  [1m[35m (15496.9ms)[0m  [1m[35mDROP TABLE "users"[0m
  ↳ bin/rails:9
  [1m[35m (8.2ms)[0m  [1m[34mSELECT "schema_migrations"."version" FROM "schema_migrations" ORDER BY "schema_migrations"."version" ASC[0m
  ↳ bin/rails:9
  [1m[35m (0.8ms)[0m  [1m[34mSELECT pg_try_advisory_lock(3142621281377955405)[0m
  ↳ bin/rails:9
  [1m[35m (18.9ms)[0m  [1m[31mROLLBACK[0m
  [1m[35m (2.2ms)[0m  [1m[34mSELECT pg_advisory_unlock(3142621281377955405)[0m
  ↳ bin/rails:9
  [1m[35m (0.3ms)[0m  [1m[34mSELECT pg_try_advisory_lock(3142621281377955405)[0m
  ↳ bin/rails:9
  [1m[35m (1.5ms)[0m  [1m[34mSELECT "schema_migrations"."version" FROM "schema_migrations" ORDER BY "schema_migrations"."version" ASC[0m
  ↳ bin/rails:9
Migrating to CreateMatches (20190603194844)
  [1m[35m (0.3ms)[0m  [1m[35mBEGIN[0m
  ↳ bin/rails:9
  [1m[35m (92.8ms)[0m  [1m[35mCREATE TABLE "matches" ("id" bigserial primary key, "user_name" character varying, "created_at" timestamp NOT NULL, "updated_at" timestamp NOT NULL)[0m
  ↳ db/migrate/20190603194844_create_matches.rb:3
  [1m[36mActiveRecord::SchemaMigration Create (4.0ms)[0m  [1m[32mINSERT INTO "schema_migrations" ("version") VALUES ($1) RETURNING "version"[0m  [["version", "20190603194844"]]
  ↳ bin/rails:9
  [1m[35m (3.2ms)[0m  [1m[35mCOMMIT[0m
  ↳ bin/rails:9
  [1m[36mActiveRecord::InternalMetadata Load (30.2ms)[0m  [1m[34mSELECT  "ar_internal_metadata".* FROM "ar_internal_metadata" WHERE "ar_internal_metadata"."key" = $1 LIMIT $2[0m  [["key", "environment"], ["LIMIT", 1]]
  ↳ bin/rails:9
  [1m[35m (0.3ms)[0m  [1m[35mBEGIN[0m
  ↳ bin/rails:9
  [1m[35m (0.3ms)[0m  [1m[35mCOMMIT[0m
  ↳ bin/rails:9
  [1m[35m (0.4ms)[0m  [1m[34mSELECT pg_advisory_unlock(3142621281377955405)[0m
  ↳ bin/rails:9
  [1m[35m (0.5ms)[0m  [1m[34mSELECT "schema_migrations"."version" FROM "schema_migrations" ORDER BY "schema_migrations"."version" ASC[0m
  ↳ bin/rails:9
  [1m[35m (3.2ms)[0m  [1m[34mSELECT "schema_migrations"."version" FROM "schema_migrations" ORDER BY "schema_migrations"."version" ASC[0m
  ↳ bin/rails:9
  [1m[35m (0.5ms)[0m  [1m[34mSELECT "schema_migrations"."version" FROM "schema_migrations" ORDER BY "schema_migrations"."version" ASC[0m
  ↳ bin/rails:9
  [1m[35m (0.5ms)[0m  [1m[34mSELECT "schema_migrations"."version" FROM "schema_migrations" ORDER BY "schema_migrations"."version" ASC[0m
  ↳ bin/rails:9
  [1m[35m (0.5ms)[0m  [1m[34mSELECT pg_try_advisory_lock(3142621281377955405)[0m
  ↳ bin/rails:9
  [1m[35m (0.5ms)[0m  [1m[34mSELECT "schema_migrations"."version" FROM "schema_migrations" ORDER BY "schema_migrations"."version" ASC[0m
  ↳ bin/rails:9
Migrating to CreateMatches (20190603194844)
  [1m[35m (0.3ms)[0m  [1m[35mBEGIN[0m
  ↳ bin/rails:9
  [1m[35m (22.8ms)[0m  [1m[35mDROP TABLE "matches"[0m
  ↳ bin/rails:9
  [1m[36mActiveRecord::SchemaMigration Destroy (19.6ms)[0m  [1m[31mDELETE FROM "schema_migrations" WHERE "schema_migrations"."version" = $1[0m  [["version", "20190603194844"]]
  ↳ bin/rails:9
  [1m[35m (13.0ms)[0m  [1m[35mCOMMIT[0m
  ↳ bin/rails:9
Migrating to CreateUsers (20190531220901)
  [1m[35m (0.3ms)[0m  [1m[35mBEGIN[0m
  ↳ bin/rails:9
  [1m[35m (1.9ms)[0m  [1m[35mDROP TABLE "users"[0m
  ↳ bin/rails:9
  [1m[36mActiveRecord::SchemaMigration Destroy (0.6ms)[0m  [1m[31mDELETE FROM "schema_migrations" WHERE "schema_migrations"."version" = $1[0m  [["version", "20190531220901"]]
  ↳ bin/rails:9
  [1m[35m (12.8ms)[0m  [1m[35mCOMMIT[0m
  ↳ bin/rails:9
Migrating to CreateProfiles (20190531220551)
  [1m[35m (0.3ms)[0m  [1m[35mBEGIN[0m
  ↳ bin/rails:9
  [1m[35m (1.8ms)[0m  [1m[35mDROP TABLE "profiles"[0m
  ↳ bin/rails:9
  [1m[36mActiveRecord::SchemaMigration Destroy (0.5ms)[0m  [1m[31mDELETE FROM "schema_migrations" WHERE "schema_migrations"."version" = $1[0m  [["version", "20190531220551"]]
  ↳ bin/rails:9
  [1m[35m (7.3ms)[0m  [1m[35mCOMMIT[0m
  ↳ bin/rails:9
Migrating to CreateAccounts (20190531215602)
  [1m[35m (0.5ms)[0m  [1m[35mBEGIN[0m
  ↳ bin/rails:9
  [1m[35m (2.6ms)[0m  [1m[35mDROP TABLE "accounts"[0m
  ↳ bin/rails:9
  [1m[36mActiveRecord::SchemaMigration Destroy (0.7ms)[0m  [1m[31mDELETE FROM "schema_migrations" WHERE "schema_migrations"."version" = $1[0m  [["version", "20190531215602"]]
  ↳ bin/rails:9
  [1m[35m (6.9ms)[0m  [1m[35mCOMMIT[0m
  ↳ bin/rails:9
  [1m[35m (0.3ms)[0m  [1m[34mSELECT pg_advisory_unlock(3142621281377955405)[0m
  ↳ bin/rails:9
  [1m[35m (0.3ms)[0m  [1m[34mSELECT "schema_migrations"."version" FROM "schema_migrations" ORDER BY "schema_migrations"."version" ASC[0m
  ↳ bin/rails:9
  [1m[35m (0.6ms)[0m  [1m[34mSELECT pg_try_advisory_lock(3142621281377955405)[0m
  ↳ bin/rails:9
  [1m[35m (1.4ms)[0m  [1m[34mSELECT "schema_migrations"."version" FROM "schema_migrations" ORDER BY "schema_migrations"."version" ASC[0m
  ↳ bin/rails:9
Migrating to CreateUsers (20190531220901)
  [1m[35m (0.3ms)[0m  [1m[35mBEGIN[0m
  ↳ bin/rails:9
  [1m[35m (35.7ms)[0m  [1m[35mCREATE TABLE "users" ("id" bigserial primary key, "user_name" character varying, "location" character varying, "age" integer, "profile_photo" character varying, "email" character varying, "gender" character varying, "created_at" timestamp NOT NULL, "updated_at" timestamp NOT NULL)[0m
  ↳ db/migrate/20190531220901_create_users.rb:3
  [1m[36mActiveRecord::SchemaMigration Create (2.7ms)[0m  [1m[32mINSERT INTO "schema_migrations" ("version") VALUES ($1) RETURNING "version"[0m  [["version", "20190531220901"]]
  ↳ bin/rails:9
  [1m[35m (8.9ms)[0m  [1m[35mCOMMIT[0m
  ↳ bin/rails:9
Migrating to CreateMatches (20190603194844)
  [1m[35m (6.4ms)[0m  [1m[35mBEGIN[0m
  ↳ bin/rails:9
  [1m[35m (23.5ms)[0m  [1m[35mCREATE TABLE "matches" ("id" bigserial primary key, "user_id" integer, "match_id" integer, "created_at" timestamp NOT NULL, "updated_at" timestamp NOT NULL)[0m
  ↳ db/migrate/20190603194844_create_matches.rb:3
  [1m[36mActiveRecord::SchemaMigration Create (0.5ms)[0m  [1m[32mINSERT INTO "schema_migrations" ("version") VALUES ($1) RETURNING "version"[0m  [["version", "20190603194844"]]
  ↳ bin/rails:9
  [1m[35m (2.4ms)[0m  [1m[35mCOMMIT[0m
  ↳ bin/rails:9
  [1m[36mActiveRecord::InternalMetadata Load (1.4ms)[0m  [1m[34mSELECT  "ar_internal_metadata".* FROM "ar_internal_metadata" WHERE "ar_internal_metadata"."key" = $1 LIMIT $2[0m  [["key", "environment"], ["LIMIT", 1]]
  ↳ bin/rails:9
  [1m[35m (0.3ms)[0m  [1m[35mBEGIN[0m
  ↳ bin/rails:9
  [1m[35m (0.2ms)[0m  [1m[35mCOMMIT[0m
  ↳ bin/rails:9
  [1m[35m (0.3ms)[0m  [1m[34mSELECT pg_advisory_unlock(3142621281377955405)[0m
  ↳ bin/rails:9
  [1m[35m (0.4ms)[0m  [1m[34mSELECT "schema_migrations"."version" FROM "schema_migrations" ORDER BY "schema_migrations"."version" ASC[0m
  ↳ bin/rails:9
  [1m[35m (1.2ms)[0m  [1m[34mSELECT "schema_migrations"."version" FROM "schema_migrations" ORDER BY "schema_migrations"."version" ASC[0m
  ↳ bin/rails:9
  [1m[35m (0.2ms)[0m  [1m[35mBEGIN[0m
  ↳ db/seeds.rb:8
  [1m[36mUser Create (26.1ms)[0m  [1m[32mINSERT INTO "users" ("user_name", "location", "age", "profile_photo", "created_at", "updated_at") VALUES ($1, $2, $3, $4, $5, $6) RETURNING "id"[0m  [["user_name", "MizzKitty"], ["location", "Brooklyn"], ["age", 24], ["profile_photo", "https://rollingout.com/wp-content/uploads/2017/09/Ciarapostbabybody7.jpg?x88472"], ["created_at", "2019-06-04 00:03:44.454211"], ["updated_at", "2019-06-04 00:03:44.454211"]]
  ↳ db/seeds.rb:8
  [1m[35m (2.0ms)[0m  [1m[35mCOMMIT[0m
  ↳ db/seeds.rb:8
  [1m[35m (0.3ms)[0m  [1m[35mBEGIN[0m
  ↳ db/seeds.rb:9
  [1m[36mUser Create (0.5ms)[0m  [1m[32mINSERT INTO "users" ("user_name", "location", "age", "profile_photo", "created_at", "updated_at") VALUES ($1, $2, $3, $4, $5, $6) RETURNING "id"[0m  [["user_name", "CollegeGirl209"], ["location", "New York"], ["age", 21], ["profile_photo", "https://static.businessinsider.com/image/4f43c9b9ecad04870400001d-750.jpg"], ["created_at", "2019-06-04 00:03:44.488514"], ["updated_at", "2019-06-04 00:03:44.488514"]]
  ↳ db/seeds.rb:9
  [1m[35m (2.3ms)[0m  [1m[35mCOMMIT[0m
  ↳ db/seeds.rb:9
  [1m[35m (0.3ms)[0m  [1m[35mBEGIN[0m
  ↳ db/seeds.rb:10
  [1m[36mUser Create (0.6ms)[0m  [1m[32mINSERT INTO "users" ("user_name", "location", "age", "profile_photo", "created_at", "updated_at") VALUES ($1, $2, $3, $4, $5, $6) RETURNING "id"[0m  [["user_name", "AngelOfLove"], ["location", "Long Island"], ["age", 33], ["profile_photo", "https://i.pinimg.com/originals/7b/f7/e0/7bf7e0bcf7ef2a7e27a790e8dcc85a02.jpg"], ["created_at", "2019-06-04 00:03:44.494149"], ["updated_at", "2019-06-04 00:03:44.494149"]]
  ↳ db/seeds.rb:10
  [1m[35m (2.3ms)[0m  [1m[35mCOMMIT[0m
  ↳ db/seeds.rb:10
  [1m[35m (0.3ms)[0m  [1m[35mBEGIN[0m
  ↳ db/seeds.rb:11
  [1m[36mUser Create (0.5ms)[0m  [1m[32mINSERT INTO "users" ("user_name", "location", "age", "profile_photo", "created_at", "updated_at") VALUES ($1, $2, $3, $4, $5, $6) RETURNING "id"[0m  [["user_name", "KissMeImKute"], ["location", "Brooklyn"], ["age", 29], ["profile_photo", "https://www.24-7pressrelease.com/assets/attachments/044/press_release_distribution_0448588_123536.jpg"], ["created_at", "2019-06-04 00:03:44.499845"], ["updated_at", "2019-06-04 00:03:44.499845"]]
  ↳ db/seeds.rb:11
  [1m[35m (2.4ms)[0m  [1m[35mCOMMIT[0m
  ↳ db/seeds.rb:11
  [1m[35m (0.3ms)[0m  [1m[35mBEGIN[0m
  ↳ db/seeds.rb:12
  [1m[36mUser Create (0.5ms)[0m  [1m[32mINSERT INTO "users" ("user_name", "location", "age", "profile_photo", "created_at", "updated_at") VALUES ($1, $2, $3, $4, $5, $6) RETURNING "id"[0m  [["user_name", "SueYoung"], ["location", "Queens"], ["age", 22], ["profile_photo", "https://avatars.mds.yandex.net/get-pdb/402117/c148945c-9167-43ec-b0ea-a4de4fb1c76a/s1200"], ["created_at", "2019-06-04 00:03:44.505519"], ["updated_at", "2019-06-04 00:03:44.505519"]]
  ↳ db/seeds.rb:12
  [1m[35m (2.3ms)[0m  [1m[35mCOMMIT[0m
  ↳ db/seeds.rb:12
  [1m[35m (0.3ms)[0m  [1m[35mBEGIN[0m
  ↳ db/seeds.rb:13
  [1m[36mUser Create (0.6ms)[0m  [1m[32mINSERT INTO "users" ("user_name", "location", "age", "profile_photo", "created_at", "updated_at") VALUES ($1, $2, $3, $4, $5, $6) RETURNING "id"[0m  [["user_name", "PoppiSeed0022"], ["location", "Brooklyn"], ["age", 26], ["profile_photo", "https://encrypted-tbn0.gstatic.com/images?q=tbn:ANd9GcSx2VJoHMmZ5M74BcI9q5DSFB_QkvDuS_IYYYLb8dfUfDRUJy4zXg"], ["created_at", "2019-06-04 00:03:44.511169"], ["updated_at", "2019-06-04 00:03:44.511169"]]
  ↳ db/seeds.rb:13
  [1m[35m (2.3ms)[0m  [1m[35mCOMMIT[0m
  ↳ db/seeds.rb:13
  [1m[35m (0.3ms)[0m  [1m[35mBEGIN[0m
  ↳ db/seeds.rb:14
  [1m[36mUser Create (0.5ms)[0m  [1m[32mINSERT INTO "users" ("user_name", "location", "age", "profile_photo", "created_at", "updated_at") VALUES ($1, $2, $3, $4, $5, $6) RETURNING "id"[0m  [["user_name", "Bollywood007"], ["location", "Staten Island"], ["age", 28], ["profile_photo", "https://i.pinimg.com/736x/f1/03/35/f10335ce589da045475614771cd6fd64.jpg"], ["created_at", "2019-06-04 00:03:44.516802"], ["updated_at", "2019-06-04 00:03:44.516802"]]
  ↳ db/seeds.rb:14
  [1m[35m (2.5ms)[0m  [1m[35mCOMMIT[0m
  ↳ db/seeds.rb:14
  [1m[35m (0.3ms)[0m  [1m[35mBEGIN[0m
  ↳ db/seeds.rb:15
  [1m[36mUser Create (0.5ms)[0m  [1m[32mINSERT INTO "users" ("user_name", "location", "age", "profile_photo", "created_at", "updated_at") VALUES ($1, $2, $3, $4, $5, $6) RETURNING "id"[0m  [["user_name", "AfroLitt"], ["location", "Queens"], ["age", 32], ["profile_photo", "https://www.stylevore.com/wp-content/uploads/2018/08/african-women-fashion-styles-15357215064cl8p.jpg"], ["created_at", "2019-06-04 00:03:44.522577"], ["updated_at", "2019-06-04 00:03:44.522577"]]
  ↳ db/seeds.rb:15
  [1m[35m (3.7ms)[0m  [1m[35mCOMMIT[0m
  ↳ db/seeds.rb:15
  [1m[35m (0.3ms)[0m  [1m[35mBEGIN[0m
  ↳ db/seeds.rb:16
  [1m[36mUser Create (0.6ms)[0m  [1m[32mINSERT INTO "users" ("user_name", "location", "age", "profile_photo", "created_at", "updated_at") VALUES ($1, $2, $3, $4, $5, $6) RETURNING "id"[0m  [["user_name", "Cash$$$bABY"], ["location", "Brooklyn"], ["age", 24], ["profile_photo", "https://www.nairaland.com/attachments/1061301_tumblr_ml54btAleB1qf87x2o1_500_jpg43713a3aa24f6e560e50c9f28a0f8b4c"], ["created_at", "2019-06-04 00:03:44.529701"], ["updated_at", "2019-06-04 00:03:44.529701"]]
  ↳ db/seeds.rb:16
  [1m[35m (2.3ms)[0m  [1m[35mCOMMIT[0m
  ↳ db/seeds.rb:16
  [1m[35m (0.3ms)[0m  [1m[35mBEGIN[0m
  ↳ db/seeds.rb:17
  [1m[36mUser Create (0.5ms)[0m  [1m[32mINSERT INTO "users" ("user_name", "location", "age", "profile_photo", "created_at", "updated_at") VALUES ($1, $2, $3, $4, $5, $6) RETURNING "id"[0m  [["user_name", "F**kUPayMe"], ["location", "New York"], ["age", 22], ["profile_photo", "https://1.bp.blogspot.com/-WkaHu9aLPSs/VyHwxfAIM3I/AAAAAAAAAmo/XGk2ROWTqGAApgogLcgch1Rz-EgktIV9QCLcB/s1600/julia-vins-russian-bodybuilding-musclebarbie-powerlifting-fitness-todayssalt-4.jpg"], ["created_at", "2019-06-04 00:03:44.535344"], ["updated_at", "2019-06-04 00:03:44.535344"]]
  ↳ db/seeds.rb:17
  [1m[35m (2.4ms)[0m  [1m[35mCOMMIT[0m
  ↳ db/seeds.rb:17
  [1m[35m (1.1ms)[0m  [1m[34mSELECT "schema_migrations"."version" FROM "schema_migrations" ORDER BY "schema_migrations"."version" ASC[0m
  ↳ bin/rails:9
  [1m[35m (0.7ms)[0m  [1m[34mSELECT "ar_internal_metadata"."value" FROM "ar_internal_metadata" WHERE "ar_internal_metadata"."key" = $1[0m  [["key", "environment"]]
  ↳ bin/rails:9
  [1m[35m (0.9ms)[0m  [1m[34mSELECT "schema_migrations"."version" FROM "schema_migrations" ORDER BY "schema_migrations"."version" ASC[0m
  ↳ bin/rails:9
  [1m[35m (0.4ms)[0m  [1m[34mSELECT "ar_internal_metadata"."value" FROM "ar_internal_metadata" WHERE "ar_internal_metadata"."key" = $1[0m  [["key", "environment"]]
  ↳ bin/rails:9
  [1m[35m (0.4ms)[0m  [1m[34mSELECT "schema_migrations"."version" FROM "schema_migrations" ORDER BY "schema_migrations"."version" ASC[0m
  ↳ bin/rails:9
  [1m[35m (0.5ms)[0m  [1m[34mSELECT "ar_internal_metadata"."value" FROM "ar_internal_metadata" WHERE "ar_internal_metadata"."key" = $1[0m  [["key", "environment"]]
  ↳ bin/rails:9
  [1m[35m (8228.8ms)[0m  [1m[35mDROP DATABASE IF EXISTS "rails_dating_api_development"[0m
  ↳ bin/rails:9
  [1m[35m (3.1ms)[0m  [1m[34mSELECT "schema_migrations"."version" FROM "schema_migrations" ORDER BY "schema_migrations"."version" ASC[0m
  ↳ bin/rails:9
  [1m[35m (1.9ms)[0m  [1m[34mSELECT "ar_internal_metadata"."value" FROM "ar_internal_metadata" WHERE "ar_internal_metadata"."key" = $1[0m  [["key", "environment"]]
  ↳ bin/rails:9
  [1m[35m (0.3ms)[0m  [1m[34mSELECT "schema_migrations"."version" FROM "schema_migrations" ORDER BY "schema_migrations"."version" ASC[0m
  ↳ bin/rails:9
  [1m[35m (0.3ms)[0m  [1m[34mSELECT "ar_internal_metadata"."value" FROM "ar_internal_metadata" WHERE "ar_internal_metadata"."key" = $1[0m  [["key", "environment"]]
  ↳ bin/rails:9
  [1m[35m (0.3ms)[0m  [1m[34mSELECT "schema_migrations"."version" FROM "schema_migrations" ORDER BY "schema_migrations"."version" ASC[0m
  ↳ bin/rails:9
  [1m[35m (0.2ms)[0m  [1m[34mSELECT "ar_internal_metadata"."value" FROM "ar_internal_metadata" WHERE "ar_internal_metadata"."key" = $1[0m  [["key", "environment"]]
  ↳ bin/rails:9
  [1m[35m (228.8ms)[0m  [1m[35mDROP DATABASE IF EXISTS "rails_dating_api_development"[0m
  ↳ bin/rails:9
  [1m[35m (207.6ms)[0m  [1m[35mDROP DATABASE IF EXISTS "rails_dating_api_test"[0m
  ↳ bin/rails:9
  [1m[35m (571.5ms)[0m  [1m[35mCREATE DATABASE "rails_dating_api_development" ENCODING = 'unicode'[0m
  ↳ bin/rails:9
  [1m[35m (384.0ms)[0m  [1m[35mCREATE DATABASE "rails_dating_api_test" ENCODING = 'unicode'[0m
  ↳ bin/rails:9
  [1m[35mSQL (3.5ms)[0m  [1m[35mCREATE EXTENSION IF NOT EXISTS "plpgsql"[0m
  ↳ db/schema.rb:16
  [1m[35m (0.2ms)[0m  [1m[35mDROP TABLE IF EXISTS "matches" CASCADE[0m
  ↳ db/schema.rb:18
  [1m[35m (8.5ms)[0m  [1m[35mCREATE TABLE "matches" ("id" bigserial primary key, "user_id" integer, "match_id" integer, "created_at" timestamp NOT NULL, "updated_at" timestamp NOT NULL)[0m
  ↳ db/schema.rb:18
  [1m[35m (0.3ms)[0m  [1m[35mDROP TABLE IF EXISTS "users" CASCADE[0m
  ↳ db/schema.rb:25
  [1m[35m (12.6ms)[0m  [1m[35mCREATE TABLE "users" ("id" bigserial primary key, "user_name" character varying, "location" character varying, "age" integer, "profile_photo" character varying, "email" character varying, "gender" character varying, "created_at" timestamp NOT NULL, "updated_at" timestamp NOT NULL)[0m
  ↳ db/schema.rb:25
  [1m[35m (9.3ms)[0m  [1m[35mCREATE TABLE "schema_migrations" ("version" character varying NOT NULL PRIMARY KEY)[0m
  ↳ db/schema.rb:13
  [1m[35m (1.2ms)[0m  [1m[34mSELECT "schema_migrations"."version" FROM "schema_migrations" ORDER BY "schema_migrations"."version" ASC[0m
  ↳ db/schema.rb:13
  [1m[35m (2.9ms)[0m  [1m[32mINSERT INTO "schema_migrations" (version) VALUES (20190603194844)[0m
  ↳ db/schema.rb:13
  [1m[35m (3.1ms)[0m  [1m[32mINSERT INTO "schema_migrations" (version) VALUES
(20190531220901);

[0m
  ↳ db/schema.rb:13
  [1m[35m (11.2ms)[0m  [1m[35mCREATE TABLE "ar_internal_metadata" ("key" character varying NOT NULL PRIMARY KEY, "value" character varying, "created_at" timestamp NOT NULL, "updated_at" timestamp NOT NULL)[0m
  ↳ db/schema.rb:13
  [1m[36mActiveRecord::InternalMetadata Load (2.3ms)[0m  [1m[34mSELECT  "ar_internal_metadata".* FROM "ar_internal_metadata" WHERE "ar_internal_metadata"."key" = $1 LIMIT $2[0m  [["key", "environment"], ["LIMIT", 1]]
  ↳ db/schema.rb:13
  [1m[35m (0.2ms)[0m  [1m[35mBEGIN[0m
  ↳ db/schema.rb:13
  [1m[36mActiveRecord::InternalMetadata Create (0.7ms)[0m  [1m[32mINSERT INTO "ar_internal_metadata" ("key", "value", "created_at", "updated_at") VALUES ($1, $2, $3, $4) RETURNING "key"[0m  [["key", "environment"], ["value", "development"], ["created_at", "2019-06-04 00:10:23.886575"], ["updated_at", "2019-06-04 00:10:23.886575"]]
  ↳ db/schema.rb:13
  [1m[35m (17.0ms)[0m  [1m[35mCOMMIT[0m
  ↳ db/schema.rb:13
  [1m[36mActiveRecord::InternalMetadata Load (0.5ms)[0m  [1m[34mSELECT  "ar_internal_metadata".* FROM "ar_internal_metadata" WHERE "ar_internal_metadata"."key" = $1 LIMIT $2[0m  [["key", "environment"], ["LIMIT", 1]]
  ↳ bin/rails:9
  [1m[35m (0.3ms)[0m  [1m[35mBEGIN[0m
  ↳ bin/rails:9
  [1m[35m (0.3ms)[0m  [1m[35mCOMMIT[0m
  ↳ bin/rails:9
  [1m[35mSQL (4.2ms)[0m  [1m[35mCREATE EXTENSION IF NOT EXISTS "plpgsql"[0m
  ↳ db/schema.rb:16
  [1m[35m (0.3ms)[0m  [1m[35mDROP TABLE IF EXISTS "matches" CASCADE[0m
  ↳ db/schema.rb:18
  [1m[35m (12.5ms)[0m  [1m[35mCREATE TABLE "matches" ("id" bigserial primary key, "user_id" integer, "match_id" integer, "created_at" timestamp NOT NULL, "updated_at" timestamp NOT NULL)[0m
  ↳ db/schema.rb:18
  [1m[35m (1.0ms)[0m  [1m[35mDROP TABLE IF EXISTS "users" CASCADE[0m
  ↳ db/schema.rb:25
  [1m[35m (14.0ms)[0m  [1m[35mCREATE TABLE "users" ("id" bigserial primary key, "user_name" character varying, "location" character varying, "age" integer, "profile_photo" character varying, "email" character varying, "gender" character varying, "created_at" timestamp NOT NULL, "updated_at" timestamp NOT NULL)[0m
  ↳ db/schema.rb:25
  [1m[35m (5.7ms)[0m  [1m[35mCREATE TABLE "schema_migrations" ("version" character varying NOT NULL PRIMARY KEY)[0m
  ↳ db/schema.rb:13
  [1m[35m (0.6ms)[0m  [1m[34mSELECT "schema_migrations"."version" FROM "schema_migrations" ORDER BY "schema_migrations"."version" ASC[0m
  ↳ db/schema.rb:13
  [1m[35m (2.4ms)[0m  [1m[32mINSERT INTO "schema_migrations" (version) VALUES (20190603194844)[0m
  ↳ db/schema.rb:13
  [1m[35m (3.3ms)[0m  [1m[32mINSERT INTO "schema_migrations" (version) VALUES
(20190531220901);

[0m
  ↳ db/schema.rb:13
  [1m[35m (10.4ms)[0m  [1m[35mCREATE TABLE "ar_internal_metadata" ("key" character varying NOT NULL PRIMARY KEY, "value" character varying, "created_at" timestamp NOT NULL, "updated_at" timestamp NOT NULL)[0m
  ↳ db/schema.rb:13
  [1m[36mActiveRecord::InternalMetadata Load (0.6ms)[0m  [1m[34mSELECT  "ar_internal_metadata".* FROM "ar_internal_metadata" WHERE "ar_internal_metadata"."key" = $1 LIMIT $2[0m  [["key", "environment"], ["LIMIT", 1]]
  ↳ db/schema.rb:13
  [1m[35m (0.3ms)[0m  [1m[35mBEGIN[0m
  ↳ db/schema.rb:13
  [1m[36mActiveRecord::InternalMetadata Create (1.0ms)[0m  [1m[32mINSERT INTO "ar_internal_metadata" ("key", "value", "created_at", "updated_at") VALUES ($1, $2, $3, $4) RETURNING "key"[0m  [["key", "environment"], ["value", "development"], ["created_at", "2019-06-04 00:10:24.038191"], ["updated_at", "2019-06-04 00:10:24.038191"]]
  ↳ db/schema.rb:13
  [1m[35m (2.9ms)[0m  [1m[35mCOMMIT[0m
  ↳ db/schema.rb:13
  [1m[36mActiveRecord::InternalMetadata Load (0.4ms)[0m  [1m[34mSELECT  "ar_internal_metadata".* FROM "ar_internal_metadata" WHERE "ar_internal_metadata"."key" = $1 LIMIT $2[0m  [["key", "environment"], ["LIMIT", 1]]
  ↳ bin/rails:9
  [1m[35m (0.2ms)[0m  [1m[35mBEGIN[0m
  ↳ bin/rails:9
  [1m[36mActiveRecord::InternalMetadata Update (0.7ms)[0m  [1m[33mUPDATE "ar_internal_metadata" SET "value" = $1, "updated_at" = $2 WHERE "ar_internal_metadata"."key" = $3[0m  [["value", "test"], ["updated_at", "2019-06-04 00:10:24.049623"], ["key", "environment"]]
  ↳ bin/rails:9
  [1m[35m (5.9ms)[0m  [1m[35mCOMMIT[0m
  ↳ bin/rails:9
  [1m[35m (1.3ms)[0m  [1m[34mSELECT "schema_migrations"."version" FROM "schema_migrations" ORDER BY "schema_migrations"."version" ASC[0m
  ↳ bin/rails:9
  [1m[35m (0.2ms)[0m  [1m[35mBEGIN[0m
  ↳ db/seeds.rb:8
  [1m[36mUser Create (0.7ms)[0m  [1m[32mINSERT INTO "users" ("user_name", "location", "age", "profile_photo", "email", "gender", "created_at", "updated_at") VALUES ($1, $2, $3, $4, $5, $6, $7, $8) RETURNING "id"[0m  [["user_name", "MizzKitty"], ["location", "Brooklyn"], ["age", 24], ["profile_photo", "https://rollingout.com/wp-content/uploads/2017/09/Ciarapostbabybody7.jpg?x88472"], ["email", "ballAbabe221@fakemail.com"], ["gender", "Female"], ["created_at", "2019-06-04 00:10:24.148828"], ["updated_at", "2019-06-04 00:10:24.148828"]]
  ↳ db/seeds.rb:8
  [1m[35m (2.2ms)[0m  [1m[35mCOMMIT[0m
  ↳ db/seeds.rb:8
  [1m[35m (0.2ms)[0m  [1m[35mBEGIN[0m
  ↳ db/seeds.rb:9
  [1m[36mUser Create (0.4ms)[0m  [1m[32mINSERT INTO "users" ("user_name", "location", "age", "profile_photo", "email", "gender", "created_at", "updated_at") VALUES ($1, $2, $3, $4, $5, $6, $7, $8) RETURNING "id"[0m  [["user_name", "CollegeGirl209"], ["location", "New York"], ["age", 21], ["profile_photo", "https://static.businessinsider.com/image/4f43c9b9ecad04870400001d-750.jpg"], ["email", "bOREeasilyAK47@fakemail.com"], ["gender", "Female"], ["created_at", "2019-06-04 00:10:24.153938"], ["updated_at", "2019-06-04 00:10:24.153938"]]
  ↳ db/seeds.rb:9
  [1m[35m (2.2ms)[0m  [1m[35mCOMMIT[0m
  ↳ db/seeds.rb:9
  [1m[35m (0.2ms)[0m  [1m[35mBEGIN[0m
  ↳ db/seeds.rb:10
  [1m[36mUser Create (0.4ms)[0m  [1m[32mINSERT INTO "users" ("user_name", "location", "age", "profile_photo", "email", "gender", "created_at", "updated_at") VALUES ($1, $2, $3, $4, $5, $6, $7, $8) RETURNING "id"[0m  [["user_name", "AngelOfLove"], ["location", "Long Island"], ["age", 33], ["profile_photo", "https://i.pinimg.com/originals/7b/f7/e0/7bf7e0bcf7ef2a7e27a790e8dcc85a02.jpg"], ["email", "HolyWater007@fakemail.com"], ["gender", ""], ["created_at", "2019-06-04 00:10:24.158494"], ["updated_at", "2019-06-04 00:10:24.158494"]]
  ↳ db/seeds.rb:10
  [1m[35m (2.0ms)[0m  [1m[35mCOMMIT[0m
  ↳ db/seeds.rb:10
  [1m[35m (0.2ms)[0m  [1m[35mBEGIN[0m
  ↳ db/seeds.rb:11
  [1m[36mUser Create (0.3ms)[0m  [1m[32mINSERT INTO "users" ("user_name", "location", "age", "profile_photo", "email", "gender", "created_at", "updated_at") VALUES ($1, $2, $3, $4, $5, $6, $7, $8) RETURNING "id"[0m  [["user_name", "KissMeImKute"], ["location", "Brooklyn"], ["age", 29], ["profile_photo", "https://www.24-7pressrelease.com/assets/attachments/044/press_release_distribution_0448588_123536.jpg"], ["email", "PourMeWata@fakemail.com"], ["gender", "Female"], ["created_at", "2019-06-04 00:10:24.163060"], ["updated_at", "2019-06-04 00:10:24.163060"]]
  ↳ db/seeds.rb:11
  [1m[35m (1.7ms)[0m  [1m[35mCOMMIT[0m
  ↳ db/seeds.rb:11
  [1m[35m (0.2ms)[0m  [1m[35mBEGIN[0m
  ↳ db/seeds.rb:12
  [1m[36mUser Create (0.4ms)[0m  [1m[32mINSERT INTO "users" ("user_name", "location", "age", "profile_photo", "email", "gender", "created_at", "updated_at") VALUES ($1, $2, $3, $4, $5, $6, $7, $8) RETURNING "id"[0m  [["user_name", "SueYoung"], ["location", "Queens"], ["age", 22], ["profile_photo", "https://avatars.mds.yandex.net/get-pdb/402117/c148945c-9167-43ec-b0ea-a4de4fb1c76a/s1200"], ["email", "TastyCakes@fakemail.com"], ["gender", "Female"], ["created_at", "2019-06-04 00:10:24.167019"], ["updated_at", "2019-06-04 00:10:24.167019"]]
  ↳ db/seeds.rb:12
  [1m[35m (1.4ms)[0m  [1m[35mCOMMIT[0m
  ↳ db/seeds.rb:12
  [1m[35m (0.2ms)[0m  [1m[35mBEGIN[0m
  ↳ db/seeds.rb:13
  [1m[36mUser Create (0.4ms)[0m  [1m[32mINSERT INTO "users" ("user_name", "location", "age", "profile_photo", "email", "gender", "created_at", "updated_at") VALUES ($1, $2, $3, $4, $5, $6, $7, $8) RETURNING "id"[0m  [["user_name", "PoppiSeed0022"], ["location", "Brooklyn"], ["age", 26], ["profile_photo", "https://encrypted-tbn0.gstatic.com/images?q=tbn:ANd9GcSx2VJoHMmZ5M74BcI9q5DSFB_QkvDuS_IYYYLb8dfUfDRUJy4zXg"], ["email", "WheresMyCar@fakemail.com"], ["gender", "Female"], ["created_at", "2019-06-04 00:10:24.171379"], ["updated_at", "2019-06-04 00:10:24.171379"]]
  ↳ db/seeds.rb:13
  [1m[35m (5.6ms)[0m  [1m[35mCOMMIT[0m
  ↳ db/seeds.rb:13
  [1m[35m (0.3ms)[0m  [1m[35mBEGIN[0m
  ↳ db/seeds.rb:14
  [1m[36mUser Create (0.7ms)[0m  [1m[32mINSERT INTO "users" ("user_name", "location", "age", "profile_photo", "email", "gender", "created_at", "updated_at") VALUES ($1, $2, $3, $4, $5, $6, $7, $8) RETURNING "id"[0m  [["user_name", "Bollywood007"], ["location", "Staten Island"], ["age", 28], ["profile_photo", "https://i.pinimg.com/736x/f1/03/35/f10335ce589da045475614771cd6fd64.jpg"], ["email", "YouWouldHaveThought@fakemail.com"], ["gender", "Female"], ["created_at", "2019-06-04 00:10:24.179943"], ["updated_at", "2019-06-04 00:10:24.179943"]]
  ↳ db/seeds.rb:14
  [1m[35m (5.9ms)[0m  [1m[35mCOMMIT[0m
  ↳ db/seeds.rb:14
  [1m[35m (0.3ms)[0m  [1m[35mBEGIN[0m
  ↳ db/seeds.rb:15
  [1m[36mUser Create (0.6ms)[0m  [1m[32mINSERT INTO "users" ("user_name", "location", "age", "profile_photo", "email", "gender", "created_at", "updated_at") VALUES ($1, $2, $3, $4, $5, $6, $7, $8) RETURNING "id"[0m  [["user_name", "AfroLitt"], ["location", "Queens"], ["age", 32], ["profile_photo", "https://www.stylevore.com/wp-content/uploads/2018/08/african-women-fashion-styles-15357215064cl8p.jpg"], ["email", "moneyOvaBros@fakemail.com"], ["gender", "Female"], ["created_at", "2019-06-04 00:10:24.189574"], ["updated_at", "2019-06-04 00:10:24.189574"]]
  ↳ db/seeds.rb:15
  [1m[35m (32.2ms)[0m  [1m[35mCOMMIT[0m
  ↳ db/seeds.rb:15
  [1m[35m (0.3ms)[0m  [1m[35mBEGIN[0m
  ↳ db/seeds.rb:16
  [1m[36mUser Create (0.6ms)[0m  [1m[32mINSERT INTO "users" ("user_name", "location", "age", "profile_photo", "email", "gender", "created_at", "updated_at") VALUES ($1, $2, $3, $4, $5, $6, $7, $8) RETURNING "id"[0m  [["user_name", "Cash$$$bABY"], ["location", "Brooklyn"], ["age", 24], ["profile_photo", "https://www.nairaland.com/attachments/1061301_tumblr_ml54btAleB1qf87x2o1_500_jpg43713a3aa24f6e560e50c9f28a0f8b4c"], ["email", "allAboutTheBegiz@fakemail.com"], ["gender", "Faemle"], ["created_at", "2019-06-04 00:10:24.225378"], ["updated_at", "2019-06-04 00:10:24.225378"]]
  ↳ db/seeds.rb:16
  [1m[35m (2.4ms)[0m  [1m[35mCOMMIT[0m
  ↳ db/seeds.rb:16
  [1m[35m (0.3ms)[0m  [1m[35mBEGIN[0m
  ↳ db/seeds.rb:17
  [1m[36mUser Create (0.6ms)[0m  [1m[32mINSERT INTO "users" ("user_name", "location", "age", "profile_photo", "email", "gender", "created_at", "updated_at") VALUES ($1, $2, $3, $4, $5, $6, $7, $8) RETURNING "id"[0m  [["user_name", "F**kUPayMe"], ["location", "New York"], ["age", 22], ["profile_photo", "https://1.bp.blogspot.com/-WkaHu9aLPSs/VyHwxfAIM3I/AAAAAAAAAmo/XGk2ROWTqGAApgogLcgch1Rz-EgktIV9QCLcB/s1600/julia-vins-russian-bodybuilding-musclebarbie-powerlifting-fitness-todayssalt-4.jpg"], ["email", "Plastic4lyfe@fakemail.com"], ["gender", "Female"], ["created_at", "2019-06-04 00:10:24.231354"], ["updated_at", "2019-06-04 00:10:24.231354"]]
  ↳ db/seeds.rb:17
  [1m[35m (5.1ms)[0m  [1m[35mCOMMIT[0m
  ↳ db/seeds.rb:17
  [1m[35m (7.0ms)[0m  [1m[34mSELECT "schema_migrations"."version" FROM "schema_migrations" ORDER BY "schema_migrations"."version" ASC[0m
  ↳ bin/rails:9
  [1m[35m (0.7ms)[0m  [1m[34mSELECT "ar_internal_metadata"."value" FROM "ar_internal_metadata" WHERE "ar_internal_metadata"."key" = $1[0m  [["key", "environment"]]
  ↳ bin/rails:9
  [1m[35m (0.5ms)[0m  [1m[34mSELECT "schema_migrations"."version" FROM "schema_migrations" ORDER BY "schema_migrations"."version" ASC[0m
  ↳ bin/rails:9
  [1m[35m (0.4ms)[0m  [1m[34mSELECT "ar_internal_metadata"."value" FROM "ar_internal_metadata" WHERE "ar_internal_metadata"."key" = $1[0m  [["key", "environment"]]
  ↳ bin/rails:9
  [1m[35m (0.4ms)[0m  [1m[34mSELECT "schema_migrations"."version" FROM "schema_migrations" ORDER BY "schema_migrations"."version" ASC[0m
  ↳ bin/rails:9
  [1m[35m (0.4ms)[0m  [1m[34mSELECT "ar_internal_metadata"."value" FROM "ar_internal_metadata" WHERE "ar_internal_metadata"."key" = $1[0m  [["key", "environment"]]
  ↳ bin/rails:9
  [1m[35m (209.8ms)[0m  [1m[35mDROP DATABASE IF EXISTS "rails_dating_api_development"[0m
  ↳ bin/rails:9
  [1m[35m (205.8ms)[0m  [1m[35mDROP DATABASE IF EXISTS "rails_dating_api_test"[0m
  ↳ bin/rails:9
  [1m[35m (511.4ms)[0m  [1m[35mCREATE DATABASE "rails_dating_api_development" ENCODING = 'unicode'[0m
  ↳ bin/rails:9
  [1m[35m (418.4ms)[0m  [1m[35mCREATE DATABASE "rails_dating_api_test" ENCODING = 'unicode'[0m
  ↳ bin/rails:9
  [1m[35mSQL (0.4ms)[0m  [1m[35mCREATE EXTENSION IF NOT EXISTS "plpgsql"[0m
  ↳ db/schema.rb:16
  [1m[35m (0.3ms)[0m  [1m[35mDROP TABLE IF EXISTS "matches" CASCADE[0m
  ↳ db/schema.rb:18
  [1m[35m (12.9ms)[0m  [1m[35mCREATE TABLE "matches" ("id" bigserial primary key, "user_id" integer, "match_id" integer, "created_at" timestamp NOT NULL, "updated_at" timestamp NOT NULL)[0m
  ↳ db/schema.rb:18
  [1m[35m (0.5ms)[0m  [1m[35mDROP TABLE IF EXISTS "users" CASCADE[0m
  ↳ db/schema.rb:25
  [1m[35m (11.1ms)[0m  [1m[35mCREATE TABLE "users" ("id" bigserial primary key, "user_name" character varying, "location" character varying, "age" integer, "profile_photo" character varying, "email" character varying, "gender" character varying, "created_at" timestamp NOT NULL, "updated_at" timestamp NOT NULL)[0m
  ↳ db/schema.rb:25
  [1m[35m (9.0ms)[0m  [1m[35mCREATE TABLE "schema_migrations" ("version" character varying NOT NULL PRIMARY KEY)[0m
  ↳ db/schema.rb:13
  [1m[35m (0.9ms)[0m  [1m[34mSELECT "schema_migrations"."version" FROM "schema_migrations" ORDER BY "schema_migrations"."version" ASC[0m
  ↳ db/schema.rb:13
  [1m[35m (2.1ms)[0m  [1m[32mINSERT INTO "schema_migrations" (version) VALUES (20190603194844)[0m
  ↳ db/schema.rb:13
  [1m[35m (3.3ms)[0m  [1m[32mINSERT INTO "schema_migrations" (version) VALUES
(20190531220901);

[0m
  ↳ db/schema.rb:13
  [1m[35m (8.3ms)[0m  [1m[35mCREATE TABLE "ar_internal_metadata" ("key" character varying NOT NULL PRIMARY KEY, "value" character varying, "created_at" timestamp NOT NULL, "updated_at" timestamp NOT NULL)[0m
  ↳ db/schema.rb:13
  [1m[36mActiveRecord::InternalMetadata Load (2.8ms)[0m  [1m[34mSELECT  "ar_internal_metadata".* FROM "ar_internal_metadata" WHERE "ar_internal_metadata"."key" = $1 LIMIT $2[0m  [["key", "environment"], ["LIMIT", 1]]
  ↳ db/schema.rb:13
  [1m[35m (0.2ms)[0m  [1m[35mBEGIN[0m
  ↳ db/schema.rb:13
  [1m[36mActiveRecord::InternalMetadata Create (0.5ms)[0m  [1m[32mINSERT INTO "ar_internal_metadata" ("key", "value", "created_at", "updated_at") VALUES ($1, $2, $3, $4) RETURNING "key"[0m  [["key", "environment"], ["value", "development"], ["created_at", "2019-06-04 00:11:21.442212"], ["updated_at", "2019-06-04 00:11:21.442212"]]
  ↳ db/schema.rb:13
  [1m[35m (10.9ms)[0m  [1m[35mCOMMIT[0m
  ↳ db/schema.rb:13
  [1m[36mActiveRecord::InternalMetadata Load (0.5ms)[0m  [1m[34mSELECT  "ar_internal_metadata".* FROM "ar_internal_metadata" WHERE "ar_internal_metadata"."key" = $1 LIMIT $2[0m  [["key", "environment"], ["LIMIT", 1]]
  ↳ bin/rails:9
  [1m[35m (0.3ms)[0m  [1m[35mBEGIN[0m
  ↳ bin/rails:9
  [1m[35m (0.3ms)[0m  [1m[35mCOMMIT[0m
  ↳ bin/rails:9
  [1m[35mSQL (0.4ms)[0m  [1m[35mCREATE EXTENSION IF NOT EXISTS "plpgsql"[0m
  ↳ db/schema.rb:16
  [1m[35m (0.4ms)[0m  [1m[35mDROP TABLE IF EXISTS "matches" CASCADE[0m
  ↳ db/schema.rb:18
  [1m[35m (14.3ms)[0m  [1m[35mCREATE TABLE "matches" ("id" bigserial primary key, "user_id" integer, "match_id" integer, "created_at" timestamp NOT NULL, "updated_at" timestamp NOT NULL)[0m
  ↳ db/schema.rb:18
  [1m[35m (0.3ms)[0m  [1m[35mDROP TABLE IF EXISTS "users" CASCADE[0m
  ↳ db/schema.rb:25
  [1m[35m (9.7ms)[0m  [1m[35mCREATE TABLE "users" ("id" bigserial primary key, "user_name" character varying, "location" character varying, "age" integer, "profile_photo" character varying, "email" character varying, "gender" character varying, "created_at" timestamp NOT NULL, "updated_at" timestamp NOT NULL)[0m
  ↳ db/schema.rb:25
  [1m[35m (12.4ms)[0m  [1m[35mCREATE TABLE "schema_migrations" ("version" character varying NOT NULL PRIMARY KEY)[0m
  ↳ db/schema.rb:13
  [1m[35m (1.0ms)[0m  [1m[34mSELECT "schema_migrations"."version" FROM "schema_migrations" ORDER BY "schema_migrations"."version" ASC[0m
  ↳ db/schema.rb:13
  [1m[35m (5.3ms)[0m  [1m[32mINSERT INTO "schema_migrations" (version) VALUES (20190603194844)[0m
  ↳ db/schema.rb:13
  [1m[35m (3.4ms)[0m  [1m[32mINSERT INTO "schema_migrations" (version) VALUES
(20190531220901);

[0m
  ↳ db/schema.rb:13
  [1m[35m (12.1ms)[0m  [1m[35mCREATE TABLE "ar_internal_metadata" ("key" character varying NOT NULL PRIMARY KEY, "value" character varying, "created_at" timestamp NOT NULL, "updated_at" timestamp NOT NULL)[0m
  ↳ db/schema.rb:13
  [1m[36mActiveRecord::InternalMetadata Load (0.8ms)[0m  [1m[34mSELECT  "ar_internal_metadata".* FROM "ar_internal_metadata" WHERE "ar_internal_metadata"."key" = $1 LIMIT $2[0m  [["key", "environment"], ["LIMIT", 1]]
  ↳ db/schema.rb:13
  [1m[35m (0.3ms)[0m  [1m[35mBEGIN[0m
  ↳ db/schema.rb:13
  [1m[36mActiveRecord::InternalMetadata Create (0.7ms)[0m  [1m[32mINSERT INTO "ar_internal_metadata" ("key", "value", "created_at", "updated_at") VALUES ($1, $2, $3, $4) RETURNING "key"[0m  [["key", "environment"], ["value", "development"], ["created_at", "2019-06-04 00:11:21.593806"], ["updated_at", "2019-06-04 00:11:21.593806"]]
  ↳ db/schema.rb:13
  [1m[35m (2.4ms)[0m  [1m[35mCOMMIT[0m
  ↳ db/schema.rb:13
  [1m[36mActiveRecord::InternalMetadata Load (0.5ms)[0m  [1m[34mSELECT  "ar_internal_metadata".* FROM "ar_internal_metadata" WHERE "ar_internal_metadata"."key" = $1 LIMIT $2[0m  [["key", "environment"], ["LIMIT", 1]]
  ↳ bin/rails:9
  [1m[35m (0.3ms)[0m  [1m[35mBEGIN[0m
  ↳ bin/rails:9
  [1m[36mActiveRecord::InternalMetadata Update (0.6ms)[0m  [1m[33mUPDATE "ar_internal_metadata" SET "value" = $1, "updated_at" = $2 WHERE "ar_internal_metadata"."key" = $3[0m  [["value", "test"], ["updated_at", "2019-06-04 00:11:21.602136"], ["key", "environment"]]
  ↳ bin/rails:9
  [1m[35m (6.0ms)[0m  [1m[35mCOMMIT[0m
  ↳ bin/rails:9
  [1m[35m (1.2ms)[0m  [1m[34mSELECT "schema_migrations"."version" FROM "schema_migrations" ORDER BY "schema_migrations"."version" ASC[0m
  ↳ bin/rails:9
  [1m[35m (0.2ms)[0m  [1m[35mBEGIN[0m
  ↳ db/seeds.rb:8
  [1m[36mUser Create (0.7ms)[0m  [1m[32mINSERT INTO "users" ("user_name", "location", "age", "profile_photo", "email", "gender", "created_at", "updated_at") VALUES ($1, $2, $3, $4, $5, $6, $7, $8) RETURNING "id"[0m  [["user_name", "MizzKitty"], ["location", "Brooklyn"], ["age", 24], ["profile_photo", "https://rollingout.com/wp-content/uploads/2017/09/Ciarapostbabybody7.jpg?x88472"], ["email", "ballAbabe221@fakemail.com"], ["gender", "Female"], ["created_at", "2019-06-04 00:11:21.698062"], ["updated_at", "2019-06-04 00:11:21.698062"]]
  ↳ db/seeds.rb:8
  [1m[35m (2.4ms)[0m  [1m[35mCOMMIT[0m
  ↳ db/seeds.rb:8
  [1m[35m (0.2ms)[0m  [1m[35mBEGIN[0m
  ↳ db/seeds.rb:9
  [1m[36mUser Create (0.4ms)[0m  [1m[32mINSERT INTO "users" ("user_name", "location", "age", "profile_photo", "email", "gender", "created_at", "updated_at") VALUES ($1, $2, $3, $4, $5, $6, $7, $8) RETURNING "id"[0m  [["user_name", "CollegeGirl209"], ["location", "New York"], ["age", 21], ["profile_photo", "https://static.businessinsider.com/image/4f43c9b9ecad04870400001d-750.jpg"], ["email", "bOREeasilyAK47@fakemail.com"], ["gender", "Female"], ["created_at", "2019-06-04 00:11:21.703216"], ["updated_at", "2019-06-04 00:11:21.703216"]]
  ↳ db/seeds.rb:9
  [1m[35m (2.2ms)[0m  [1m[35mCOMMIT[0m
  ↳ db/seeds.rb:9
  [1m[35m (0.2ms)[0m  [1m[35mBEGIN[0m
  ↳ db/seeds.rb:10
  [1m[36mUser Create (0.4ms)[0m  [1m[32mINSERT INTO "users" ("user_name", "location", "age", "profile_photo", "email", "gender", "created_at", "updated_at") VALUES ($1, $2, $3, $4, $5, $6, $7, $8) RETURNING "id"[0m  [["user_name", "AngelOfLove"], ["location", "Long Island"], ["age", 33], ["profile_photo", "https://i.pinimg.com/originals/7b/f7/e0/7bf7e0bcf7ef2a7e27a790e8dcc85a02.jpg"], ["email", "HolyWater007@fakemail.com"], ["gender", "Female"], ["created_at", "2019-06-04 00:11:21.707883"], ["updated_at", "2019-06-04 00:11:21.707883"]]
  ↳ db/seeds.rb:10
  [1m[35m (2.1ms)[0m  [1m[35mCOMMIT[0m
  ↳ db/seeds.rb:10
  [1m[35m (0.2ms)[0m  [1m[35mBEGIN[0m
  ↳ db/seeds.rb:11
  [1m[36mUser Create (0.3ms)[0m  [1m[32mINSERT INTO "users" ("user_name", "location", "age", "profile_photo", "email", "gender", "created_at", "updated_at") VALUES ($1, $2, $3, $4, $5, $6, $7, $8) RETURNING "id"[0m  [["user_name", "KissMeImKute"], ["location", "Brooklyn"], ["age", 29], ["profile_photo", "https://www.24-7pressrelease.com/assets/attachments/044/press_release_distribution_0448588_123536.jpg"], ["email", "PourMeWata@fakemail.com"], ["gender", "Female"], ["created_at", "2019-06-04 00:11:21.712441"], ["updated_at", "2019-06-04 00:11:21.712441"]]
  ↳ db/seeds.rb:11
  [1m[35m (2.3ms)[0m  [1m[35mCOMMIT[0m
  ↳ db/seeds.rb:11
  [1m[35m (0.2ms)[0m  [1m[35mBEGIN[0m
  ↳ db/seeds.rb:12
  [1m[36mUser Create (0.3ms)[0m  [1m[32mINSERT INTO "users" ("user_name", "location", "age", "profile_photo", "email", "gender", "created_at", "updated_at") VALUES ($1, $2, $3, $4, $5, $6, $7, $8) RETURNING "id"[0m  [["user_name", "SueYoung"], ["location", "Queens"], ["age", 22], ["profile_photo", "https://avatars.mds.yandex.net/get-pdb/402117/c148945c-9167-43ec-b0ea-a4de4fb1c76a/s1200"], ["email", "TastyCakes@fakemail.com"], ["gender", "Female"], ["created_at", "2019-06-04 00:11:21.728353"], ["updated_at", "2019-06-04 00:11:21.728353"]]
  ↳ db/seeds.rb:12
  [1m[35m (2.3ms)[0m  [1m[35mCOMMIT[0m
  ↳ db/seeds.rb:12
  [1m[35m (0.2ms)[0m  [1m[35mBEGIN[0m
  ↳ db/seeds.rb:13
  [1m[36mUser Create (0.4ms)[0m  [1m[32mINSERT INTO "users" ("user_name", "location", "age", "profile_photo", "email", "gender", "created_at", "updated_at") VALUES ($1, $2, $3, $4, $5, $6, $7, $8) RETURNING "id"[0m  [["user_name", "PoppiSeed0022"], ["location", "Brooklyn"], ["age", 26], ["profile_photo", "https://encrypted-tbn0.gstatic.com/images?q=tbn:ANd9GcSx2VJoHMmZ5M74BcI9q5DSFB_QkvDuS_IYYYLb8dfUfDRUJy4zXg"], ["email", "WheresMyCar@fakemail.com"], ["gender", "Female"], ["created_at", "2019-06-04 00:11:21.732792"], ["updated_at", "2019-06-04 00:11:21.732792"]]
  ↳ db/seeds.rb:13
  [1m[35m (2.3ms)[0m  [1m[35mCOMMIT[0m
  ↳ db/seeds.rb:13
  [1m[35m (0.2ms)[0m  [1m[35mBEGIN[0m
  ↳ db/seeds.rb:14
  [1m[36mUser Create (0.4ms)[0m  [1m[32mINSERT INTO "users" ("user_name", "location", "age", "profile_photo", "email", "gender", "created_at", "updated_at") VALUES ($1, $2, $3, $4, $5, $6, $7, $8) RETURNING "id"[0m  [["user_name", "Bollywood007"], ["location", "Staten Island"], ["age", 28], ["profile_photo", "https://i.pinimg.com/736x/f1/03/35/f10335ce589da045475614771cd6fd64.jpg"], ["email", "YouWouldHaveThought@fakemail.com"], ["gender", "Female"], ["created_at", "2019-06-04 00:11:21.737403"], ["updated_at", "2019-06-04 00:11:21.737403"]]
  ↳ db/seeds.rb:14
  [1m[35m (2.3ms)[0m  [1m[35mCOMMIT[0m
  ↳ db/seeds.rb:14
  [1m[35m (0.2ms)[0m  [1m[35mBEGIN[0m
  ↳ db/seeds.rb:15
  [1m[36mUser Create (0.4ms)[0m  [1m[32mINSERT INTO "users" ("user_name", "location", "age", "profile_photo", "email", "gender", "created_at", "updated_at") VALUES ($1, $2, $3, $4, $5, $6, $7, $8) RETURNING "id"[0m  [["user_name", "AfroLitt"], ["location", "Queens"], ["age", 32], ["profile_photo", "https://www.stylevore.com/wp-content/uploads/2018/08/african-women-fashion-styles-15357215064cl8p.jpg"], ["email", "moneyOvaBros@fakemail.com"], ["gender", "Female"], ["created_at", "2019-06-04 00:11:21.742101"], ["updated_at", "2019-06-04 00:11:21.742101"]]
  ↳ db/seeds.rb:15
  [1m[35m (2.2ms)[0m  [1m[35mCOMMIT[0m
  ↳ db/seeds.rb:15
  [1m[35m (0.2ms)[0m  [1m[35mBEGIN[0m
  ↳ db/seeds.rb:16
  [1m[36mUser Create (0.5ms)[0m  [1m[32mINSERT INTO "users" ("user_name", "location", "age", "profile_photo", "email", "gender", "created_at", "updated_at") VALUES ($1, $2, $3, $4, $5, $6, $7, $8) RETURNING "id"[0m  [["user_name", "Cash$$$bABY"], ["location", "Brooklyn"], ["age", 24], ["profile_photo", "https://www.nairaland.com/attachments/1061301_tumblr_ml54btAleB1qf87x2o1_500_jpg43713a3aa24f6e560e50c9f28a0f8b4c"], ["email", "allAboutTheBegiz@fakemail.com"], ["gender", "Faemle"], ["created_at", "2019-06-04 00:11:21.746578"], ["updated_at", "2019-06-04 00:11:21.746578"]]
  ↳ db/seeds.rb:16
  [1m[35m (1.9ms)[0m  [1m[35mCOMMIT[0m
  ↳ db/seeds.rb:16
  [1m[35m (0.2ms)[0m  [1m[35mBEGIN[0m
  ↳ db/seeds.rb:17
  [1m[36mUser Create (0.4ms)[0m  [1m[32mINSERT INTO "users" ("user_name", "location", "age", "profile_photo", "email", "gender", "created_at", "updated_at") VALUES ($1, $2, $3, $4, $5, $6, $7, $8) RETURNING "id"[0m  [["user_name", "F**kUPayMe"], ["location", "New York"], ["age", 22], ["profile_photo", "https://1.bp.blogspot.com/-WkaHu9aLPSs/VyHwxfAIM3I/AAAAAAAAAmo/XGk2ROWTqGAApgogLcgch1Rz-EgktIV9QCLcB/s1600/julia-vins-russian-bodybuilding-musclebarbie-powerlifting-fitness-todayssalt-4.jpg"], ["email", "Plastic4lyfe@fakemail.com"], ["gender", "Female"], ["created_at", "2019-06-04 00:11:21.751288"], ["updated_at", "2019-06-04 00:11:21.751288"]]
  ↳ db/seeds.rb:17
  [1m[35m (2.2ms)[0m  [1m[35mCOMMIT[0m
  ↳ db/seeds.rb:17
